<?xml version="1.0" encoding="UTF-8"?>
<!-- Generated by org.testng.reporters.JUnitReportReporter -->
<testsuite skipped="0" hostname="Kamalesh" name="generics.Demo1" tests="1" failures="0" timestamp="3 Dec 2016 13:31:15 GMT" time="13.175" errors="0">
  <testcase name="TestA" time="13.175" classname="generics.Demo1"/>
</testsuite> <!-- generics.Demo1 -->
